<?xml version="1.0" encoding="UTF-8"?>
<testng-results ignored="0" total="1" passed="1" failed="0" skipped="0">
  <reporter-output>
  </reporter-output>
  <suite started-at="2023-07-06T11:22:45 IST" name="Default suite" finished-at="2023-07-06T11:22:58 IST" duration-ms="13091">
    <groups>
    </groups>
    <test started-at="2023-07-06T11:22:45 IST" name="Default test" finished-at="2023-07-06T11:22:58 IST" duration-ms="13091">
      <class name="file.TestNG_TestCase">
        <test-method is-config="true" signature="beforeClass()[pri:0, instance:file.TestNG_TestCase@372ea2bc]" started-at="2023-07-06T11:22:45 IST" name="beforeClass" finished-at="2023-07-06T11:22:58 IST" duration-ms="13036" status="PASS">
          <reporter-output>
          </reporter-output>
        </test-method> <!-- beforeClass -->
        <test-method signature="testMethod()[pri:0, instance:file.TestNG_TestCase@372ea2bc]" started-at="2023-07-06T11:22:58 IST" name="testMethod" finished-at="2023-07-06T11:22:58 IST" duration-ms="11" status="PASS">
          <reporter-output>
          </reporter-output>
        </test-method> <!-- testMethod -->
        <test-method is-config="true" signature="afterClass()[pri:0, instance:file.TestNG_TestCase@372ea2bc]" started-at="2023-07-06T11:22:58 IST" name="afterClass" finished-at="2023-07-06T11:22:58 IST" duration-ms="1" status="PASS">
          <reporter-output>
          </reporter-output>
        </test-method> <!-- afterClass -->
      </class> <!-- file.TestNG_TestCase -->
    </test> <!-- Default test -->
  </suite> <!-- Default suite -->
</testng-results>
