<?xml version="1.0" encoding="UTF-8"?>
<!-- Generated by org.testng.reporters.JUnitXMLReporter -->
<testsuite ignored="0" hostname="DESKTOP-4M4RBC6" failures="1" tests="3" name="Test" time="0.079" errors="0" timestamp="2023-06-28T22:42:50 IST">
  <testcase classname="testclasses.TestNG_ReportsAndLogs" name="testMethod2" time="0.016">
    <failure type="java.lang.AssertionError" message="expected [true] but found [false]">
      <![CDATA[java.lang.AssertionError: expected [true] but found [false]
at testclasses.TestNG_ReportsAndLogs.testMethod2(TestNG_ReportsAndLogs.java:40)
at java.base/java.util.ArrayList.forEach(ArrayList.java:1511)
... Removed 29 stack frames]]>
    </failure>
  </testcase> <!-- testMethod2 -->
  <testcase classname="testclasses.TestNG_ReportsAndLogs" name="testMethod1" time="0.002"/>
  <testcase classname="testclasses.TestNG_ReportsAndLogs" name="testMethod3" time="0.0">
    <skipped/>
  </testcase> <!-- testMethod3 -->
</testsuite> <!-- Test -->
