<?xml version="1.0" encoding="UTF-8"?>
<!-- Generated by org.testng.reporters.JUnitXMLReporter -->
<testsuite ignored="0" hostname="DESKTOP-4M4RBC6" failures="0" tests="4" name="Default test" time="12.16" errors="0" timestamp="2023-07-06T16:06:58 IST">
  <testcase classname="dropDownTest1.AlertTest" name="login" time="2.617"/>
  <testcase classname="dropDownTest1.AlertTest" name="testSimpleAlert" time="0.901"/>
  <testcase classname="dropDownTest1.AlertTest" name="testConfirmButton" time="0.343"/>
  <testcase classname="dropDownTest1.AlertTest" name="testPromptButton" time="0.384"/>
</testsuite> <!-- Default test -->
