<?xml version="1.0" encoding="UTF-8"?>
<testng-results ignored="0" total="5" passed="5" failed="0" skipped="0">
  <reporter-output>
  </reporter-output>
  <suite started-at="2023-06-19T10:34:05 IST" name="Default suite" finished-at="2023-06-19T10:34:15 IST" duration-ms="10766">
    <groups>
    </groups>
    <test started-at="2023-06-19T10:34:05 IST" name="Default test" finished-at="2023-06-19T10:34:15 IST" duration-ms="10766">
      <class name="test.DropDownTest">
        <test-method is-config="true" signature="setup()[pri:0, instance:test.DropDownTest@5149d738]" started-at="2023-06-19T10:34:05 IST" name="setup" finished-at="2023-06-19T10:34:10 IST" duration-ms="4989" status="PASS">
          <reporter-output>
          </reporter-output>
        </test-method> <!-- setup -->
        <test-method signature="login()[pri:-1, instance:test.DropDownTest@5149d738]" started-at="2023-06-19T10:34:10 IST" name="login" finished-at="2023-06-19T10:34:12 IST" duration-ms="2790" status="PASS">
          <reporter-output>
          </reporter-output>
        </test-method> <!-- login -->
        <test-method signature="testDropDown()[pri:1, instance:test.DropDownTest@5149d738]" started-at="2023-06-19T10:34:12 IST" name="testDropDown" finished-at="2023-06-19T10:34:14 IST" duration-ms="1591" status="PASS">
          <reporter-output>
          </reporter-output>
        </test-method> <!-- testDropDown -->
        <test-method signature="testhero()[pri:2, instance:test.DropDownTest@5149d738]" started-at="2023-06-19T10:34:14 IST" name="testhero" finished-at="2023-06-19T10:34:14 IST" duration-ms="357" status="PASS">
          <reporter-output>
          </reporter-output>
        </test-method> <!-- testhero -->
        <test-method signature="testLang()[pri:3, instance:test.DropDownTest@5149d738]" started-at="2023-06-19T10:34:14 IST" name="testLang" finished-at="2023-06-19T10:34:15 IST" duration-ms="298" status="PASS">
          <reporter-output>
          </reporter-output>
        </test-method> <!-- testLang -->
        <test-method signature="testcountry()[pri:4, instance:test.DropDownTest@5149d738]" started-at="2023-06-19T10:34:15 IST" name="testcountry" finished-at="2023-06-19T10:34:15 IST" duration-ms="283" status="PASS">
          <reporter-output>
          </reporter-output>
        </test-method> <!-- testcountry -->
        <test-method is-config="true" signature="tearDown()[pri:0, instance:test.DropDownTest@5149d738]" started-at="2023-06-19T10:34:15 IST" name="tearDown" finished-at="2023-06-19T10:34:15 IST" duration-ms="407" status="PASS">
          <reporter-output>
          </reporter-output>
        </test-method> <!-- tearDown -->
      </class> <!-- test.DropDownTest -->
    </test> <!-- Default test -->
  </suite> <!-- Default suite -->
</testng-results>
