<?xml version="1.0" encoding="UTF-8"?>
<!-- Generated by org.testng.reporters.JUnitXMLReporter -->
<testsuite ignored="6" hostname="DESKTOP-4M4RBC6" failures="0" tests="1" name="Default test" time="6.375" errors="0" timestamp="2023-06-21T14:55:42 IST">
  <testcase classname="automation.InputTest" name="testGetMeValue1" time="0.321"/>
  <testcase classname="automation.InputTest" name="clearText" time="0.0">
    <ignored/>
  </testcase> <!-- clearText -->
  <testcase classname="automation.InputTest" name="testEnterFullName" time="0.0">
    <ignored/>
  </testcase> <!-- testEnterFullName -->
  <testcase classname="automation.InputTest" name="conformText" time="0.0">
    <ignored/>
  </testcase> <!-- conformText -->
  <testcase classname="automation.InputTest" name="testEnterJoin" time="0.0">
    <ignored/>
  </testcase> <!-- testEnterJoin -->
  <testcase classname="automation.InputTest" name="textDisableField" time="0.0">
    <ignored/>
  </testcase> <!-- textDisableField -->
  <testcase classname="automation.InputTest" name="login" time="0.0">
    <ignored/>
  </testcase> <!-- login -->
</testsuite> <!-- Default test -->
