<?xml version="1.0" encoding="UTF-8"?>
<testng-results ignored="0" total="1" passed="1" failed="0" skipped="0">
  <reporter-output>
  </reporter-output>
  <suite started-at="2023-07-12T13:22:38 IST" name="Default suite" finished-at="2023-07-12T13:22:56 IST" duration-ms="18009">
    <groups>
    </groups>
    <test started-at="2023-07-12T13:22:38 IST" name="Default test" finished-at="2023-07-12T13:22:56 IST" duration-ms="18009">
      <class name="fileUplodWindow.FileUploadAutoIt">
        <test-method is-config="true" signature="beforeClass()[pri:0, instance:fileUplodWindow.FileUploadAutoIt@79e4c792]" started-at="2023-07-12T13:22:38 IST" name="beforeClass" finished-at="2023-07-12T13:22:43 IST" duration-ms="5196" status="PASS">
          <reporter-output>
          </reporter-output>
        </test-method> <!-- beforeClass -->
        <test-method signature="fileUpload()[pri:0, instance:fileUplodWindow.FileUploadAutoIt@79e4c792]" started-at="2023-07-12T13:22:43 IST" name="fileUpload" finished-at="2023-07-12T13:22:56 IST" duration-ms="12777" status="PASS">
          <reporter-output>
          </reporter-output>
        </test-method> <!-- fileUpload -->
        <test-method is-config="true" signature="afterClass()[pri:0, instance:fileUplodWindow.FileUploadAutoIt@79e4c792]" started-at="2023-07-12T13:22:56 IST" name="afterClass" finished-at="2023-07-12T13:22:56 IST" duration-ms="0" status="PASS">
          <reporter-output>
          </reporter-output>
        </test-method> <!-- afterClass -->
      </class> <!-- fileUplodWindow.FileUploadAutoIt -->
    </test> <!-- Default test -->
  </suite> <!-- Default suite -->
</testng-results>
