<?xml version="1.0" encoding="UTF-8"?>
<testng-results ignored="0" total="4" passed="4" failed="0" skipped="0">
  <reporter-output>
  </reporter-output>
  <suite started-at="2023-07-06T16:06:46 IST" name="Default suite" finished-at="2023-07-06T16:06:58 IST" duration-ms="12160">
    <groups>
    </groups>
    <test started-at="2023-07-06T16:06:46 IST" name="Default test" finished-at="2023-07-06T16:06:58 IST" duration-ms="12160">
      <class name="dropDownTest1.AlertTest">
        <test-method is-config="true" signature="setup()[pri:0, instance:dropDownTest1.AlertTest@17f62e33]" started-at="2023-07-06T16:06:46 IST" name="setup" finished-at="2023-07-06T16:06:53 IST" duration-ms="7424" status="PASS">
          <reporter-output>
          </reporter-output>
        </test-method> <!-- setup -->
        <test-method signature="login()[pri:-1, instance:dropDownTest1.AlertTest@17f62e33]" started-at="2023-07-06T16:06:53 IST" name="login" description="Smoke Test: Verify successful login" finished-at="2023-07-06T16:06:56 IST" duration-ms="2617" status="PASS">
          <reporter-output>
          </reporter-output>
        </test-method> <!-- login -->
        <test-method signature="testSimpleAlert()[pri:2, instance:dropDownTest1.AlertTest@17f62e33]" started-at="2023-07-06T16:06:56 IST" name="testSimpleAlert" description="Sanity Test: Verify simple alert functionality" finished-at="2023-07-06T16:06:57 IST" duration-ms="901" status="PASS">
          <reporter-output>
          </reporter-output>
        </test-method> <!-- testSimpleAlert -->
        <test-method signature="testConfirmButton()[pri:3, instance:dropDownTest1.AlertTest@17f62e33]" started-at="2023-07-06T16:06:57 IST" name="testConfirmButton" description="Sanity Test: Verify confirm button functionality" finished-at="2023-07-06T16:06:57 IST" duration-ms="343" status="PASS">
          <reporter-output>
          </reporter-output>
        </test-method> <!-- testConfirmButton -->
        <test-method signature="testPromptButton()[pri:4, instance:dropDownTest1.AlertTest@17f62e33]" started-at="2023-07-06T16:06:57 IST" name="testPromptButton" description="Sanity Test: Verify prompt button functionality" finished-at="2023-07-06T16:06:57 IST" duration-ms="384" status="PASS">
          <reporter-output>
          </reporter-output>
        </test-method> <!-- testPromptButton -->
        <test-method is-config="true" signature="tearDown()[pri:0, instance:dropDownTest1.AlertTest@17f62e33]" started-at="2023-07-06T16:06:57 IST" name="tearDown" finished-at="2023-07-06T16:06:58 IST" duration-ms="442" status="PASS">
          <reporter-output>
          </reporter-output>
        </test-method> <!-- tearDown -->
      </class> <!-- dropDownTest1.AlertTest -->
    </test> <!-- Default test -->
  </suite> <!-- Default suite -->
</testng-results>
