<?xml version="1.0" encoding="UTF-8"?>
<testng-results ignored="0" total="1" passed="1" failed="0" skipped="0">
  <reporter-output>
  </reporter-output>
  <suite started-at="2023-07-10T13:46:15 IST" name="Default suite" finished-at="2023-07-10T13:46:22 IST" duration-ms="7903">
    <groups>
    </groups>
    <test started-at="2023-07-10T13:46:15 IST" name="Default test" finished-at="2023-07-10T13:46:22 IST" duration-ms="7903">
      <class name="testclasses.LoginTestWithScreenshot">
        <test-method is-config="true" signature="setUp()[pri:0, instance:testclasses.LoginTestWithScreenshot@15043a2f]" started-at="2023-07-10T13:46:15 IST" name="setUp" finished-at="2023-07-10T13:46:21 IST" duration-ms="6680" status="PASS">
          <reporter-output>
          </reporter-output>
        </test-method> <!-- setUp -->
        <test-method signature="test1_validLoginTest()[pri:0, instance:testclasses.LoginTestWithScreenshot@15043a2f]" started-at="2023-07-10T13:46:21 IST" name="test1_validLoginTest" finished-at="2023-07-10T13:46:22 IST" duration-ms="808" status="PASS">
          <reporter-output>
          </reporter-output>
        </test-method> <!-- test1_validLoginTest -->
        <test-method is-config="true" signature="tearDown(org.testng.ITestResult)[pri:0, instance:testclasses.LoginTestWithScreenshot@15043a2f]" started-at="2023-07-10T13:46:22 IST" name="tearDown" finished-at="2023-07-10T13:46:22 IST" duration-ms="377" status="PASS">
          <params>
            <param index="0">
              <value>
                <![CDATA[[TestResult name=test1_validLoginTest status=SUCCESS method=LoginTestWithScreenshot.test1_validLoginTest()[pri:0, instance:testclasses.LoginTestWithScreenshot@15043a2f] output={null}]]]>
              </value>
            </param>
          </params>
          <reporter-output>
          </reporter-output>
        </test-method> <!-- tearDown -->
      </class> <!-- testclasses.LoginTestWithScreenshot -->
    </test> <!-- Default test -->
  </suite> <!-- Default suite -->
</testng-results>
